Flow report for vlsi_dsp_project
Mon Dec 14 11:11:28 2015
Quartus II 64-Bit Version 13.1.0 Build 162 10/23/2013 SJ Web Edition


---------------------
; Table of Contents ;
---------------------
  1. Legal Notice
  2. Flow Summary
  3. Flow Settings
  4. Flow Non-Default Global Settings
  5. Flow Elapsed Time
  6. Flow OS Summary
  7. Flow Log
  8. Flow Messages
  9. Flow Suppressed Messages



----------------
; Legal Notice ;
----------------
Copyright (C) 1991-2013 Altera Corporation
Your use of Altera Corporation's design tools, logic functions 
and other software and tools, and its AMPP partner logic 
functions, and any output files from any of the foregoing 
(including device programming or simulation files), and any 
associated documentation or information are expressly subject 
to the terms and conditions of the Altera Program License 
Subscription Agreement, Altera MegaCore Function License 
Agreement, or other applicable license agreement, including, 
without limitation, that your use is for the sole purpose of 
programming logic devices manufactured by Altera and sold by 
Altera or its authorized distributors.  Please refer to the 
applicable agreement for further details.



+---------------------------------------------------------------------------------+
; Flow Summary                                                                    ;
+------------------------------------+--------------------------------------------+
; Flow Status                        ; Successful - Mon Dec 14 11:11:28 2015      ;
; Quartus II 64-Bit Version          ; 13.1.0 Build 162 10/23/2013 SJ Web Edition ;
; Revision Name                      ; vlsi_dsp_project                           ;
; Top-level Entity Name              ; fastica                                    ;
; Family                             ; Cyclone IV GX                              ;
; Total logic elements               ; 1,759 / 21,280 ( 8 % )                     ;
;     Total combinational functions  ; 1,626 / 21,280 ( 8 % )                     ;
;     Dedicated logic registers      ; 516 / 21,280 ( 2 % )                       ;
; Total registers                    ; 516                                        ;
; Total pins                         ; 68 / 167 ( 41 % )                          ;
; Total virtual pins                 ; 0                                          ;
; Total memory bits                  ; 2,048 / 774,144 ( < 1 % )                  ;
; Embedded Multiplier 9-bit elements ; 68 / 80 ( 85 % )                           ;
; Total GXB Receiver Channel PCS     ; 0 / 4 ( 0 % )                              ;
; Total GXB Receiver Channel PMA     ; 0 / 4 ( 0 % )                              ;
; Total GXB Transmitter Channel PCS  ; 0 / 4 ( 0 % )                              ;
; Total GXB Transmitter Channel PMA  ; 0 / 4 ( 0 % )                              ;
; Total PLLs                         ; 0 / 4 ( 0 % )                              ;
; Device                             ; EP4CGX22CF19C6                             ;
; Timing Models                      ; Final                                      ;
+------------------------------------+--------------------------------------------+


+-----------------------------------------+
; Flow Settings                           ;
+-------------------+---------------------+
; Option            ; Setting             ;
+-------------------+---------------------+
; Start date & time ; 12/14/2015 11:10:11 ;
; Main task         ; Compilation         ;
; Revision Name     ; vlsi_dsp_project    ;
+-------------------+---------------------+


+----------------------------------------------------------------------------------------------------------------------+
; Flow Non-Default Global Settings                                                                                     ;
+-------------------------------------+------------------------------+------------------+-------------+----------------+
; Assignment Name                     ; Value                        ; Default Value    ; Entity Name ; Section Id     ;
+-------------------------------------+------------------------------+------------------+-------------+----------------+
; COMPILER_SIGNATURE_ID               ; 121369922799.145010941106132 ; --               ; --          ; --             ;
; EDA_OUTPUT_DATA_FORMAT              ; Verilog Hdl                  ; --               ; --          ; eda_simulation ;
; EDA_SIMULATION_TOOL                 ; ModelSim-Altera (Verilog)    ; <None>           ; --          ; --             ;
; PARTITION_COLOR                     ; 16764057                     ; --               ; fastica     ; Top            ;
; PARTITION_FITTER_PRESERVATION_LEVEL ; PLACEMENT_AND_ROUTING        ; --               ; fastica     ; Top            ;
; PARTITION_NETLIST_TYPE              ; SOURCE                       ; --               ; fastica     ; Top            ;
; PROJECT_OUTPUT_DIRECTORY            ; output_files                 ; --               ; --          ; --             ;
; TOP_LEVEL_ENTITY                    ; fastica                      ; vlsi_dsp_project ; --          ; --             ;
+-------------------------------------+------------------------------+------------------+-------------+----------------+


+--------------------------------------------------------------------------------------------------------------------------+
; Flow Elapsed Time                                                                                                        ;
+----------------------+--------------+-------------------------+---------------------+------------------------------------+
; Module Name          ; Elapsed Time ; Average Processors Used ; Peak Virtual Memory ; Total CPU Time (on all processors) ;
+----------------------+--------------+-------------------------+---------------------+------------------------------------+
; Analysis & Synthesis ; 00:00:22     ; 1.0                     ; 651 MB              ; 00:00:15                           ;
; Fitter               ; 00:00:45     ; 1.0                     ; 945 MB              ; 00:00:37                           ;
; Assembler            ; 00:00:04     ; 1.0                     ; 527 MB              ; 00:00:03                           ;
; Total                ; 00:01:11     ; --                      ; --                  ; 00:00:55                           ;
+----------------------+--------------+-------------------------+---------------------+------------------------------------+


+-----------------------------------------------------------------------------------+
; Flow OS Summary                                                                   ;
+----------------------+------------------+-----------+------------+----------------+
; Module Name          ; Machine Hostname ; OS Name   ; OS Version ; Processor type ;
+----------------------+------------------+-----------+------------+----------------+
; Analysis & Synthesis ; LORENLUGOSC931A  ; Windows 7 ; 6.2        ; x86_64         ;
; Fitter               ; LORENLUGOSC931A  ; Windows 7 ; 6.2        ; x86_64         ;
; Assembler            ; LORENLUGOSC931A  ; Windows 7 ; 6.2        ; x86_64         ;
+----------------------+------------------+-----------+------------+----------------+


------------
; Flow Log ;
------------
quartus_map --read_settings_files=on --write_settings_files=off vlsi_dsp_project -c vlsi_dsp_project
quartus_fit --read_settings_files=off --write_settings_files=off vlsi_dsp_project -c vlsi_dsp_project
quartus_asm --read_settings_files=off --write_settings_files=off vlsi_dsp_project -c vlsi_dsp_project



